<?xml version="1.0" encoding="UTF-8"?>
<!-- Generated by org.testng.reporters.JUnitReportReporter -->
<testsuite skipped="1" hostname="MY_PC" name="com.inetBanking.testCases.TC_AddNewCustomer_003" tests="2" failures="0" timestamp="2019-12-09T20:36:46 IST" time="0.152" errors="1">
  <testcase name="addNewCustomer" time="0.000" classname="com.inetBanking.testCases.TC_AddNewCustomer_003">
    <skipped/>
  </testcase> <!-- addNewCustomer -->
  <testcase name="setUp" time="0.152" classname="com.inetBanking.testCases.TC_AddNewCustomer_003">
    <error type="io.github.bonigarcia.wdm.WebDriverManagerException" message="java.net.UnknownHostException: npm.taobao.org">
      <![CDATA[io.github.bonigarcia.wdm.WebDriverManagerException: java.net.UnknownHostException: npm.taobao.org
at io.github.bonigarcia.wdm.WebDriverManager.handleException(WebDriverManager.java:754)
at io.github.bonigarcia.wdm.WebDriverManager.manage(WebDriverManager.java:563)
at io.github.bonigarcia.wdm.WebDriverManager.handleException(WebDriverManager.java:751)
at io.github.bonigarcia.wdm.WebDriverManager.manage(WebDriverManager.java:563)
at io.github.bonigarcia.wdm.WebDriverManager.setup(WebDriverManager.java:260)
at com.inetBanking.testCases.BaseClass.setUp(BaseClass.java:40)
at sun.reflect.NativeMethodAccessorImpl.invoke0(Native Method)
at sun.reflect.NativeMethodAccessorImpl.invoke(NativeMethodAccessorImpl.java:62)
at sun.reflect.DelegatingMethodAccessorImpl.invoke(DelegatingMethodAccessorImpl.java:43)
at java.lang.reflect.Method.invoke(Method.java:498)
at org.testng.internal.MethodInvocationHelper.invokeMethod(MethodInvocationHelper.java:133)
at org.testng.internal.MethodInvocationHelper.invokeMethodConsideringTimeout(MethodInvocationHelper.java:62)
at org.testng.internal.ConfigInvoker.invokeConfigurationMethod(ConfigInvoker.java:340)
at org.testng.internal.ConfigInvoker.invokeConfigurations(ConfigInvoker.java:294)
at org.testng.internal.TestMethodWorker.invokeBeforeClassMethods(TestMethodWorker.java:176)
at org.testng.internal.TestMethodWorker.run(TestMethodWorker.java:122)
at java.util.ArrayList.forEach(ArrayList.java:1249)
at org.testng.TestRunner.privateRun(TestRunner.java:770)
at org.testng.TestRunner.run(TestRunner.java:591)
at org.testng.SuiteRunner.runTest(SuiteRunner.java:402)
at org.testng.SuiteRunner.runSequentially(SuiteRunner.java:396)
at org.testng.SuiteRunner.privateRun(SuiteRunner.java:355)
at org.testng.SuiteRunner.run(SuiteRunner.java:304)
at org.testng.SuiteRunnerWorker.runSuite(SuiteRunnerWorker.java:53)
at org.testng.SuiteRunnerWorker.run(SuiteRunnerWorker.java:96)
at org.testng.TestNG.runSuitesSequentially(TestNG.java:1180)
at org.testng.TestNG.runSuitesLocally(TestNG.java:1102)
at org.testng.TestNG.runSuites(TestNG.java:1032)
at org.testng.TestNG.run(TestNG.java:1000)
at org.testng.remote.AbstractRemoteTestNG.run(AbstractRemoteTestNG.java:115)
at org.testng.remote.RemoteTestNG.initAndRun(RemoteTestNG.java:251)
at org.testng.remote.RemoteTestNG.main(RemoteTestNG.java:77)
Caused by: java.net.UnknownHostException: npm.taobao.org
at java.net.InetAddress.getAllByName0(InetAddress.java:1280)
at java.net.InetAddress.getAllByName(InetAddress.java:1192)
at java.net.InetAddress.getAllByName(InetAddress.java:1126)
at org.apache.http.impl.conn.SystemDefaultDnsResolver.resolve(SystemDefaultDnsResolver.java:45)
at org.apache.http.impl.conn.DefaultHttpClientConnectionOperator.connect(DefaultHttpClientConnectionOperator.java:112)
at org.apache.http.impl.conn.PoolingHttpClientConnectionManager.connect(PoolingHttpClientConnectionManager.java:373)
at org.apache.http.impl.execchain.MainClientExec.establishRoute(MainClientExec.java:394)
at org.apache.http.impl.execchain.MainClientExec.execute(MainClientExec.java:237)
at org.apache.http.impl.execchain.ProtocolExec.execute(ProtocolExec.java:185)
at org.apache.http.impl.execchain.RetryExec.execute(RetryExec.java:89)
at org.apache.http.impl.execchain.RedirectExec.execute(RedirectExec.java:110)
at org.apache.http.impl.client.InternalHttpClient.doExecute(InternalHttpClient.java:185)
at org.apache.http.impl.client.CloseableHttpClient.execute(CloseableHttpClient.java:83)
at org.apache.http.impl.client.CloseableHttpClient.execute(CloseableHttpClient.java:108)
at io.github.bonigarcia.wdm.HttpClient.execute(HttpClient.java:169)
at io.github.bonigarcia.wdm.WebDriverManager.getDriversFromMirror(WebDriverManager.java:1019)
at io.github.bonigarcia.wdm.ChromeDriverManager.getDrivers(ChromeDriverManager.java:82)
at io.github.bonigarcia.wdm.WebDriverManager.filterCandidateUrls(WebDriverManager.java:770)
at io.github.bonigarcia.wdm.WebDriverManager.manage(WebDriverManager.java:549)
... 30 more
]]>
    </error>
  </testcase> <!-- setUp -->
</testsuite> <!-- com.inetBanking.testCases.TC_AddNewCustomer_003 -->
