<?xml version="1.0" encoding="UTF-8"?>
<!-- Generated by org.testng.reporters.JUnitReportReporter -->
<testsuite skipped="0" hostname="MY_PC" name="com.inetBanking.testCases.TC_AddNewCustomer_003" tests="1" failures="0" timestamp="2019-12-12T15:17:16 IST" time="14.810" errors="0">
  <testcase name="addNewCustomer" time="14.810" classname="com.inetBanking.testCases.TC_AddNewCustomer_003"/>
</testsuite> <!-- com.inetBanking.testCases.TC_AddNewCustomer_003 -->
