<?xml version="1.0" encoding="UTF-8"?>
<!-- Generated by org.testng.reporters.JUnitReportReporter -->
<testsuite skipped="0" hostname="MY_PC" name="com.inetBanking.testCases.TC_LoginTest_001" tests="1" failures="0" timestamp="2019-12-12T15:17:16 IST" time="1.908" errors="0">
  <testcase name="LoginTest" time="1.908" classname="com.inetBanking.testCases.TC_LoginTest_001"/>
</testsuite> <!-- com.inetBanking.testCases.TC_LoginTest_001 -->
